<?xml version="1.0" encoding="UTF-8"?>
<!-- Generated by org.testng.reporters.JUnitReportReporter -->
<testsuite skipped="0" hostname="INLM-MohitR-2.local" name="testcases.Sample" tests="1" failures="0" timestamp="2021-10-16T16:55:10 IST" time="5.192" errors="0">
  <testcase name="testScript" time="5.192" classname="testcases.Sample"/>
  <system-out/>
</testsuite> <!-- testcases.Sample -->
