<?xml version="1.0" encoding="UTF-8"?>
<!-- Generated by org.testng.reporters.JUnitReportReporter -->
<testsuite skipped="0" hostname="INLM-MohitR-2.local" name="testcases.LTNavigationBasicTest" tests="6" failures="0" timestamp="2021-10-15T16:11:50 IST" time="14.879" errors="0">
  <testcase name="Scroll_To_CodeLess_VerifySelected" time="0.668" classname="testcases.LTNavigationBasicTest"/>
  <system-out/>
  <testcase name="Navigate_To_Blog" time="1.914" classname="testcases.LTNavigationBasicTest"/>
  <system-out/>
  <testcase name="Click_On_Community_VerifyTitle" time="7.363" classname="testcases.LTNavigationBasicTest"/>
  <system-out/>
  <testcase name="Scroll_To_SeeAllIntegration_VerifyURL" time="0.791" classname="testcases.LTNavigationBasicTest"/>
  <system-out/>
  <testcase name="LoadPage_VerifyPageIsLoaded" time="2.873" classname="testcases.LTNavigationBasicTest"/>
  <system-out/>
  <testcase name="Click_On_LearnMore_VerifyTitle" time="1.270" classname="testcases.LTNavigationBasicTest"/>
  <system-out/>
</testsuite> <!-- testcases.LTNavigationBasicTest -->
